Using pre-set license
Built from '2020.2/release' branch; Version is '2020.2.1f1 (270dd8c3da1c) revision 2559448'; Using compiler version '192528614'; Build Type 'Release'
OS: 'Windows 10  (10.0.0) 64bit' Language: 'it' Physical Memory: 8004 MB
BatchMode: 1, IsHumanControllingUs: 0, StartBugReporterOnCrash: 0, Is64bit: 1, IsPro: 0

 COMMAND LINE ARGUMENTS:
D:\Versioni Unity\2020.2.1f1\Editor\Unity.exe
-adb2
-batchMode
-noUpm
-name
AssetImportWorker0
-projectPath
D:/GitlabProjects/500 Seconds/500 Secondi
-logFile
Logs/AssetImportWorker0.log
-srvPort
60396
Successfully changed project path to: D:/GitlabProjects/500 Seconds/500 Secondi
D:/GitlabProjects/500 Seconds/500 Secondi
Using Asset Import Pipeline V2.
Refreshing native plugins compatible for Editor in 45.06 ms, found 2 plugins.
Preloading 0 native plugins for Editor in 0.00 ms.
Initialize engine version: 2020.2.1f1 (270dd8c3da1c)
[Subsystems] Discovering subsystems at path D:/Versioni Unity/2020.2.1f1/Editor/Data/Resources/UnitySubsystems
[Subsystems] Discovering subsystems at path D:/GitlabProjects/500 Seconds/500 Secondi/Assets
GfxDevice: creating device client; threaded=0
Direct3D:
    Version:  Direct3D 11.0 [level 11.1]
    Renderer: NVIDIA GeForce RTX 2060 (ID=0x1f11)
    Vendor:   
    VRAM:     5980 MB
    Driver:   27.21.14.5730
Initialize mono
Mono path[0] = 'D:/Versioni Unity/2020.2.1f1/Editor/Data/Managed'
Mono path[1] = 'D:/Versioni Unity/2020.2.1f1/Editor/Data/MonoBleedingEdge/lib/mono/unityjit'
Mono config path = 'D:/Versioni Unity/2020.2.1f1/Editor/Data/MonoBleedingEdge/etc'
Using monoOptions --debugger-agent=transport=dt_socket,embedding=1,server=y,suspend=n,address=127.0.0.1:56588
Begin MonoManager ReloadAssembly
Registering precompiled unity dll's ...
Register platform support module: D:/Versioni Unity/2020.2.1f1/Editor/Data/PlaybackEngines/WindowsStandaloneSupport/UnityEditor.WindowsStandalone.Extensions.dll
Registered in 0.000997 seconds.
Native extension for WindowsStandalone target not found
Refreshing native plugins compatible for Editor in 41.67 ms, found 2 plugins.
Preloading 0 native plugins for Editor in 0.00 ms.
Invoked RoslynAnalysisRunner static constructor.
RoslynAnalysisRunner will not be running.
RoslynAnalysisRunner has terminated.
Mono: successfully reloaded assembly
- Completed reload, in  1.248 seconds
Platform modules already initialized, skipping
Registering precompiled user dll's ...
Registered in 0.006888 seconds.
Begin MonoManager ReloadAssembly
Native extension for WindowsStandalone target not found
Refreshing native plugins compatible for Editor in 41.30 ms, found 2 plugins.
Preloading 0 native plugins for Editor in 0.00 ms.
Invoked RoslynAnalysisRunner static constructor.
RoslynAnalysisRunner will not be running.
RoslynAnalysisRunner has terminated.
Mono: successfully reloaded assembly
- Completed reload, in  1.147 seconds
Platform modules already initialized, skipping
========================================================================
Worker process is ready to serve import requests
Launched and connected shader compiler UnityShaderCompiler.exe after 0.14 seconds
Refreshing native plugins compatible for Editor in 0.43 ms, found 2 plugins.
Preloading 0 native plugins for Editor in 0.00 ms.
Unloading 1817 Unused Serialized files (Serialized files now loaded: 0)
System memory in use before: 86.6 MB.
System memory in use after: 86.5 MB.

Unloading 40 unused Assets to reduce memory usage. Loaded Objects now: 2276.
Total: 3.981700 ms (FindLiveObjects: 0.546900 ms CreateObjectMapping: 0.301800 ms MarkObjects: 3.014800 ms  DeleteObjects: 0.115600 ms)

========================================================================
Received Import Request.
  path: Assets/Macro/Porta.asset
  artifactKey: Guid(9d549ad219e14f9448e4c82c2029bd80) Importer(815301076,1909f56bfc062723c751e8b465ee728b)
Start importing Assets/Macro/Porta.asset using Guid(9d549ad219e14f9448e4c82c2029bd80) Importer(815301076,1909f56bfc062723c751e8b465ee728b)  -> (artifact id: '8a6b91aade600ead10a405d50a9bc6ad') in 0.746945 seconds
  Import took 0.789184 seconds .

========================================================================
Received Import Request.
  Time since last request: 38.957893 seconds.
  path: Assets/Macro/Main Camera.asset
  artifactKey: Guid(6a5f13d0391873841b506d89726b1466) Importer(815301076,1909f56bfc062723c751e8b465ee728b)
Start importing Assets/Macro/Main Camera.asset using Guid(6a5f13d0391873841b506d89726b1466) Importer(815301076,1909f56bfc062723c751e8b465ee728b)  -> (artifact id: '60c10514510e3376ef2a8c7dacfe8e60') in 0.010724 seconds
  Import took 0.315103 seconds .

========================================================================
Received Prepare
Registering precompiled user dll's ...
Registered in 0.008415 seconds.
Begin MonoManager ReloadAssembly
Native extension for WindowsStandalone target not found
Refreshing native plugins compatible for Editor in 0.54 ms, found 2 plugins.
Preloading 0 native plugins for Editor in 0.00 ms.
Invoked RoslynAnalysisRunner static constructor.
RoslynAnalysisRunner will not be running.
RoslynAnalysisRunner has terminated.
Mono: successfully reloaded assembly
- Completed reload, in  1.014 seconds
Platform modules already initialized, skipping
Refreshing native plugins compatible for Editor in 1.05 ms, found 2 plugins.
Preloading 0 native plugins for Editor in 0.00 ms.
Unloading 1799 Unused Serialized files (Serialized files now loaded: 0)
System memory in use before: 85.7 MB.
System memory in use after: 85.7 MB.

Unloading 28 unused Assets to reduce memory usage. Loaded Objects now: 2279.
Total: 4.550400 ms (FindLiveObjects: 0.206300 ms CreateObjectMapping: 0.070800 ms MarkObjects: 4.136600 ms  DeleteObjects: 0.135400 ms)

========================================================================
Received Prepare
Registering precompiled user dll's ...
Registered in 0.006959 seconds.
Begin MonoManager ReloadAssembly
Native extension for WindowsStandalone target not found
Refreshing native plugins compatible for Editor in 1.42 ms, found 2 plugins.
Preloading 0 native plugins for Editor in 0.00 ms.
Invoked RoslynAnalysisRunner static constructor.
RoslynAnalysisRunner will not be running.
RoslynAnalysisRunner has terminated.
Mono: successfully reloaded assembly
- Completed reload, in  1.109 seconds
Platform modules already initialized, skipping
Refreshing native plugins compatible for Editor in 1.20 ms, found 2 plugins.
Preloading 0 native plugins for Editor in 0.00 ms.
Unloading 1799 Unused Serialized files (Serialized files now loaded: 0)
System memory in use before: 85.9 MB.
System memory in use after: 85.9 MB.

Unloading 28 unused Assets to reduce memory usage. Loaded Objects now: 2282.
Total: 2.279500 ms (FindLiveObjects: 0.290200 ms CreateObjectMapping: 0.099600 ms MarkObjects: 1.771600 ms  DeleteObjects: 0.116900 ms)

========================================================================
Received Prepare
Registering precompiled user dll's ...
Registered in 0.006921 seconds.
Begin MonoManager ReloadAssembly
Native extension for WindowsStandalone target not found
Refreshing native plugins compatible for Editor in 0.50 ms, found 2 plugins.
Preloading 0 native plugins for Editor in 0.00 ms.
Invoked RoslynAnalysisRunner static constructor.
RoslynAnalysisRunner will not be running.
RoslynAnalysisRunner has terminated.
Mono: successfully reloaded assembly
- Completed reload, in  0.938 seconds
Platform modules already initialized, skipping
Refreshing native plugins compatible for Editor in 0.48 ms, found 2 plugins.
Preloading 0 native plugins for Editor in 0.00 ms.
Unloading 1799 Unused Serialized files (Serialized files now loaded: 0)
System memory in use before: 86.0 MB.
System memory in use after: 86.0 MB.

Unloading 28 unused Assets to reduce memory usage. Loaded Objects now: 2285.
Total: 2.506400 ms (FindLiveObjects: 0.291800 ms CreateObjectMapping: 0.090700 ms MarkObjects: 2.015900 ms  DeleteObjects: 0.106500 ms)

========================================================================
Received Prepare
Registering precompiled user dll's ...
Registered in 0.007703 seconds.
Begin MonoManager ReloadAssembly
Native extension for WindowsStandalone target not found
Refreshing native plugins compatible for Editor in 0.50 ms, found 2 plugins.
Preloading 0 native plugins for Editor in 0.00 ms.
Invoked RoslynAnalysisRunner static constructor.
RoslynAnalysisRunner will not be running.
RoslynAnalysisRunner has terminated.
Mono: successfully reloaded assembly
- Completed reload, in  0.959 seconds
Platform modules already initialized, skipping
Refreshing native plugins compatible for Editor in 0.54 ms, found 2 plugins.
Preloading 0 native plugins for Editor in 0.00 ms.
Unloading 1799 Unused Serialized files (Serialized files now loaded: 0)
System memory in use before: 86.2 MB.
System memory in use after: 86.2 MB.

Unloading 28 unused Assets to reduce memory usage. Loaded Objects now: 2288.
Total: 2.123600 ms (FindLiveObjects: 0.203200 ms CreateObjectMapping: 0.079900 ms MarkObjects: 1.741400 ms  DeleteObjects: 0.098100 ms)

========================================================================
Received Prepare
Registering precompiled user dll's ...
Registered in 0.006810 seconds.
Begin MonoManager ReloadAssembly
Native extension for WindowsStandalone target not found
Refreshing native plugins compatible for Editor in 0.43 ms, found 2 plugins.
Preloading 0 native plugins for Editor in 0.00 ms.
Invoked RoslynAnalysisRunner static constructor.
RoslynAnalysisRunner will not be running.
RoslynAnalysisRunner has terminated.
Mono: successfully reloaded assembly
- Completed reload, in  0.920 seconds
Platform modules already initialized, skipping
Refreshing native plugins compatible for Editor in 0.48 ms, found 2 plugins.
Preloading 0 native plugins for Editor in 0.00 ms.
Unloading 1799 Unused Serialized files (Serialized files now loaded: 0)
System memory in use before: 86.4 MB.
System memory in use after: 86.4 MB.

Unloading 28 unused Assets to reduce memory usage. Loaded Objects now: 2291.
Total: 2.396900 ms (FindLiveObjects: 0.261300 ms CreateObjectMapping: 0.074700 ms MarkObjects: 1.956500 ms  DeleteObjects: 0.103500 ms)

========================================================================
Received Prepare
Registering precompiled user dll's ...
Registered in 0.008303 seconds.
Begin MonoManager ReloadAssembly
Native extension for WindowsStandalone target not found
Refreshing native plugins compatible for Editor in 0.57 ms, found 2 plugins.
Preloading 0 native plugins for Editor in 0.00 ms.
Invoked RoslynAnalysisRunner static constructor.
RoslynAnalysisRunner will not be running.
RoslynAnalysisRunner has terminated.
Mono: successfully reloaded assembly
- Completed reload, in  0.950 seconds
Platform modules already initialized, skipping
Refreshing native plugins compatible for Editor in 0.48 ms, found 2 plugins.
Preloading 0 native plugins for Editor in 0.00 ms.
Unloading 1799 Unused Serialized files (Serialized files now loaded: 0)
System memory in use before: 86.5 MB.
System memory in use after: 86.5 MB.

Unloading 28 unused Assets to reduce memory usage. Loaded Objects now: 2294.
Total: 2.297500 ms (FindLiveObjects: 0.224400 ms CreateObjectMapping: 0.071100 ms MarkObjects: 1.902300 ms  DeleteObjects: 0.098900 ms)

========================================================================
Received Prepare
Registering precompiled user dll's ...
Registered in 0.006476 seconds.
Begin MonoManager ReloadAssembly
Native extension for WindowsStandalone target not found
Refreshing native plugins compatible for Editor in 0.45 ms, found 2 plugins.
Preloading 0 native plugins for Editor in 0.00 ms.
Invoked RoslynAnalysisRunner static constructor.
RoslynAnalysisRunner will not be running.
RoslynAnalysisRunner has terminated.
Mono: successfully reloaded assembly
- Completed reload, in  0.943 seconds
Platform modules already initialized, skipping
Refreshing native plugins compatible for Editor in 0.51 ms, found 2 plugins.
Preloading 0 native plugins for Editor in 0.00 ms.
Unloading 1799 Unused Serialized files (Serialized files now loaded: 0)
System memory in use before: 86.7 MB.
System memory in use after: 86.7 MB.

Unloading 28 unused Assets to reduce memory usage. Loaded Objects now: 2297.
Total: 2.290900 ms (FindLiveObjects: 0.234000 ms CreateObjectMapping: 0.068000 ms MarkObjects: 1.869900 ms  DeleteObjects: 0.117600 ms)

========================================================================
Received Prepare
Registering precompiled user dll's ...
Registered in 0.007890 seconds.
Begin MonoManager ReloadAssembly
Native extension for WindowsStandalone target not found
Refreshing native plugins compatible for Editor in 0.45 ms, found 2 plugins.
Preloading 0 native plugins for Editor in 0.00 ms.
Invoked RoslynAnalysisRunner static constructor.
RoslynAnalysisRunner will not be running.
RoslynAnalysisRunner has terminated.
Mono: successfully reloaded assembly
- Completed reload, in  0.944 seconds
Platform modules already initialized, skipping
Refreshing native plugins compatible for Editor in 0.46 ms, found 2 plugins.
Preloading 0 native plugins for Editor in 0.00 ms.
Unloading 1799 Unused Serialized files (Serialized files now loaded: 0)
System memory in use before: 86.9 MB.
System memory in use after: 86.9 MB.

Unloading 28 unused Assets to reduce memory usage. Loaded Objects now: 2300.
Total: 4.377400 ms (FindLiveObjects: 0.582700 ms CreateObjectMapping: 0.587800 ms MarkObjects: 3.100900 ms  DeleteObjects: 0.104400 ms)

========================================================================
Received Prepare
Registering precompiled user dll's ...
Registered in 0.007380 seconds.
Begin MonoManager ReloadAssembly
Native extension for WindowsStandalone target not found
Refreshing native plugins compatible for Editor in 0.45 ms, found 2 plugins.
Preloading 0 native plugins for Editor in 0.00 ms.
Invoked RoslynAnalysisRunner static constructor.
RoslynAnalysisRunner will not be running.
RoslynAnalysisRunner has terminated.
Mono: successfully reloaded assembly
- Completed reload, in  0.973 seconds
Platform modules already initialized, skipping
Refreshing native plugins compatible for Editor in 0.52 ms, found 2 plugins.
Preloading 0 native plugins for Editor in 0.00 ms.
Unloading 1799 Unused Serialized files (Serialized files now loaded: 0)
System memory in use before: 87.0 MB.
System memory in use after: 87.0 MB.

Unloading 28 unused Assets to reduce memory usage. Loaded Objects now: 2303.
Total: 3.956500 ms (FindLiveObjects: 0.637400 ms CreateObjectMapping: 0.270800 ms MarkObjects: 2.942000 ms  DeleteObjects: 0.103200 ms)

========================================================================
Received Prepare
Registering precompiled user dll's ...
Registered in 0.007111 seconds.
Begin MonoManager ReloadAssembly
Native extension for WindowsStandalone target not found
Refreshing native plugins compatible for Editor in 0.51 ms, found 2 plugins.
Preloading 0 native plugins for Editor in 0.00 ms.
Invoked RoslynAnalysisRunner static constructor.
RoslynAnalysisRunner will not be running.
RoslynAnalysisRunner has terminated.
Mono: successfully reloaded assembly
- Completed reload, in  0.957 seconds
Platform modules already initialized, skipping
Refreshing native plugins compatible for Editor in 0.56 ms, found 2 plugins.
Preloading 0 native plugins for Editor in 0.00 ms.
Unloading 1799 Unused Serialized files (Serialized files now loaded: 0)
System memory in use before: 87.2 MB.
System memory in use after: 87.2 MB.

Unloading 28 unused Assets to reduce memory usage. Loaded Objects now: 2306.
Total: 2.715600 ms (FindLiveObjects: 0.377400 ms CreateObjectMapping: 0.109500 ms MarkObjects: 2.071600 ms  DeleteObjects: 0.155300 ms)

========================================================================
Received Import Request.
  Time since last request: 931.284960 seconds.
  path: Assets/Prefab/Porta.prefab
  artifactKey: Guid(d5092d59a3d8095498761c4a5303cda6) Importer(815301076,1909f56bfc062723c751e8b465ee728b)
Start importing Assets/Prefab/Porta.prefab using Guid(d5092d59a3d8095498761c4a5303cda6) Importer(815301076,1909f56bfc062723c751e8b465ee728b)  -> (artifact id: '20baef1568e1c50895e4239cee81fa40') in 0.615965 seconds
  Import took 0.651085 seconds .

========================================================================
Received Import Request.
  Time since last request: 27.397677 seconds.
  path: Assets/Prefab/Porta.prefab
  artifactKey: Guid(d5092d59a3d8095498761c4a5303cda6) Importer(815301076,1909f56bfc062723c751e8b465ee728b)
Start importing Assets/Prefab/Porta.prefab using Guid(d5092d59a3d8095498761c4a5303cda6) Importer(815301076,1909f56bfc062723c751e8b465ee728b)  -> (artifact id: '1ea457838c0c6fcfb59e39573d43ce68') in 0.081298 seconds
  Import took 0.111658 seconds .

========================================================================
Received Import Request.
  Time since last request: 252.468658 seconds.
  path: Assets/Prefab/Limite X.prefab
  artifactKey: Guid(6895b7d2a882a214fa68394f6ceb1904) Importer(815301076,1909f56bfc062723c751e8b465ee728b)
Start importing Assets/Prefab/Limite X.prefab using Guid(6895b7d2a882a214fa68394f6ceb1904) Importer(815301076,1909f56bfc062723c751e8b465ee728b)  -> (artifact id: 'c0b57b53989b4bddd683e64aa05fb7ca') in 0.039379 seconds
  Import took 0.068812 seconds .

========================================================================
Received Import Request.
  Time since last request: 40.671912 seconds.
  path: Assets/Prefab/Limite Y.prefab
  artifactKey: Guid(9decfc1bc4999d84698c4be5153585c4) Importer(815301076,1909f56bfc062723c751e8b465ee728b)
Start importing Assets/Prefab/Limite Y.prefab using Guid(9decfc1bc4999d84698c4be5153585c4) Importer(815301076,1909f56bfc062723c751e8b465ee728b)  -> (artifact id: '35d208e7c5f1a5a1554670e89506e73b') in 0.018682 seconds
  Import took 0.033196 seconds .

========================================================================
Received Import Request.
  Time since last request: 565.733649 seconds.
  path: Assets/Prefab/Limite Porta X.prefab
  artifactKey: Guid(aaf676d34123caf43a8d0e69a64a23ec) Importer(815301076,1909f56bfc062723c751e8b465ee728b)
Start importing Assets/Prefab/Limite Porta X.prefab using Guid(aaf676d34123caf43a8d0e69a64a23ec) Importer(815301076,1909f56bfc062723c751e8b465ee728b)  -> (artifact id: '97c2a98ddb5f2fca4ffdb67f57ef9267') in 0.020310 seconds
  Import took 0.029819 seconds .

========================================================================
Received Import Request.
  Time since last request: 281.009941 seconds.
  path: Assets/Prefab/Limite Porta Y.prefab
  artifactKey: Guid(e70e3cf7e30b3f04393a62695d96ef47) Importer(815301076,1909f56bfc062723c751e8b465ee728b)
Start importing Assets/Prefab/Limite Porta Y.prefab using Guid(e70e3cf7e30b3f04393a62695d96ef47) Importer(815301076,1909f56bfc062723c751e8b465ee728b)  -> (artifact id: 'ec9d467c67d359cdc171e26c827fcf40') in 0.031555 seconds
  Import took 0.202588 seconds .

========================================================================
Received Prepare
Registering precompiled user dll's ...
Registered in 0.006498 seconds.
Begin MonoManager ReloadAssembly
Native extension for WindowsStandalone target not found
Refreshing native plugins compatible for Editor in 0.54 ms, found 2 plugins.
Preloading 0 native plugins for Editor in 0.00 ms.
Invoked RoslynAnalysisRunner static constructor.
RoslynAnalysisRunner will not be running.
RoslynAnalysisRunner has terminated.
Mono: successfully reloaded assembly
- Completed reload, in  0.956 seconds
Platform modules already initialized, skipping
Refreshing native plugins compatible for Editor in 0.45 ms, found 2 plugins.
Preloading 0 native plugins for Editor in 0.00 ms.
Unloading 1799 Unused Serialized files (Serialized files now loaded: 0)
System memory in use before: 90.5 MB.
System memory in use after: 90.5 MB.

Unloading 28 unused Assets to reduce memory usage. Loaded Objects now: 2316.
Total: 2.892900 ms (FindLiveObjects: 0.281800 ms CreateObjectMapping: 0.070300 ms MarkObjects: 2.423500 ms  DeleteObjects: 0.114700 ms)

========================================================================
Received Import Request.
  Time since last request: 355.405544 seconds.
  path: Assets/Prefab/Limite Porta X.prefab
  artifactKey: Guid(aaf676d34123caf43a8d0e69a64a23ec) Importer(815301076,1909f56bfc062723c751e8b465ee728b)
Start importing Assets/Prefab/Limite Porta X.prefab using Guid(aaf676d34123caf43a8d0e69a64a23ec) Importer(815301076,1909f56bfc062723c751e8b465ee728b)  -> (artifact id: 'd56aa0b142d0175bebd44ded31b764f4') in 0.047672 seconds
  Import took 0.092766 seconds .

========================================================================
Received Prepare
Registering precompiled user dll's ...
Registered in 0.006704 seconds.
Begin MonoManager ReloadAssembly
Native extension for WindowsStandalone target not found
Refreshing native plugins compatible for Editor in 0.47 ms, found 2 plugins.
Preloading 0 native plugins for Editor in 0.00 ms.
Invoked RoslynAnalysisRunner static constructor.
RoslynAnalysisRunner will not be running.
RoslynAnalysisRunner has terminated.
Mono: successfully reloaded assembly
- Completed reload, in  0.913 seconds
Platform modules already initialized, skipping
Refreshing native plugins compatible for Editor in 0.46 ms, found 2 plugins.
Preloading 0 native plugins for Editor in 0.00 ms.
Unloading 1799 Unused Serialized files (Serialized files now loaded: 0)
System memory in use before: 90.6 MB.
System memory in use after: 90.6 MB.

Unloading 28 unused Assets to reduce memory usage. Loaded Objects now: 2320.
Total: 2.581800 ms (FindLiveObjects: 0.303400 ms CreateObjectMapping: 0.117200 ms MarkObjects: 2.053900 ms  DeleteObjects: 0.106200 ms)

========================================================================
Received Prepare
Registering precompiled user dll's ...
Registered in 0.006480 seconds.
Begin MonoManager ReloadAssembly
Native extension for WindowsStandalone target not found
Refreshing native plugins compatible for Editor in 0.49 ms, found 2 plugins.
Preloading 0 native plugins for Editor in 0.00 ms.
Invoked RoslynAnalysisRunner static constructor.
RoslynAnalysisRunner will not be running.
RoslynAnalysisRunner has terminated.
Mono: successfully reloaded assembly
- Completed reload, in  0.901 seconds
Platform modules already initialized, skipping
Refreshing native plugins compatible for Editor in 0.46 ms, found 2 plugins.
Preloading 0 native plugins for Editor in 0.00 ms.
Unloading 1799 Unused Serialized files (Serialized files now loaded: 0)
System memory in use before: 89.8 MB.
System memory in use after: 89.8 MB.

Unloading 28 unused Assets to reduce memory usage. Loaded Objects now: 2323.
Total: 2.039700 ms (FindLiveObjects: 0.280500 ms CreateObjectMapping: 0.078700 ms MarkObjects: 1.560100 ms  DeleteObjects: 0.119600 ms)

AssetImportWorkerClient::OnTransportError - code=2 error=End of file
